nohup: ignoring input

> school-management-system@1.0.0 dev
> node server.js

Attempting to connect to MongoDB Atlas...
MongoDB Atlas Connected: ac-dxdeael-shard-00-02.b6y8njo.mongodb.net
Initializing default data...
Default permissions initialized
Super Admin already exists
Checking for ClassSubjects with missing status...
Default data initialization complete
Seeding demo data...
Demo data already exists, skipping...
Server running on port 5001
Environment: development
Error: Error: Test 500 Error Verification
    at /home/memo/SchoolManagerDB/src/routes/index.js:50:15
    at Layer.handle [as handle_request] (/home/memo/SchoolManagerDB/node_modules/express/lib/router/layer.js:95:5)
    at next (/home/memo/SchoolManagerDB/node_modules/express/lib/router/route.js:149:13)
    at Route.dispatch (/home/memo/SchoolManagerDB/node_modules/express/lib/router/route.js:119:3)
    at Layer.handle [as handle_request] (/home/memo/SchoolManagerDB/node_modules/express/lib/router/layer.js:95:5)
    at /home/memo/SchoolManagerDB/node_modules/express/lib/router/index.js:284:15
    at router.process_params (/home/memo/SchoolManagerDB/node_modules/express/lib/router/index.js:346:12)
    at next (/home/memo/SchoolManagerDB/node_modules/express/lib/router/index.js:280:10)
    at router.handle (/home/memo/SchoolManagerDB/node_modules/express/lib/router/index.js:175:3)
    at router (/home/memo/SchoolManagerDB/node_modules/express/lib/router/index.js:47:12)
